<?xml version="1.0" encoding="UTF-8"?>
<!-- Generated by org.testng.reporters.JUnitReportReporter -->
<testsuite skipped="0" hostname="Dell-PC" name="com.test.TestNGBasics" tests="2" failures="0" timestamp="25 Apr 2019 20:32:23 GMT" time="0.020" errors="0">
  <testcase name="searchTest" time="0.004" classname="com.test.TestNGBasics"/>
  <testcase name="googleTitleTest" time="0.016" classname="com.test.TestNGBasics"/>
</testsuite> <!-- com.test.TestNGBasics -->
