<?xml version="1.0" encoding="UTF-8"?>
<!-- Generated by org.testng.reporters.JUnitReportReporter -->
<testsuite skipped="0" hostname="Dell-PC" name="com.test.InvocationCountTest" tests="5" failures="0" timestamp="25 Apr 2019 20:32:23 GMT" time="0.078" errors="0">
  <testcase name="Sum" time="0.002" classname="com.test.InvocationCountTest"/>
  <testcase name="Sum" time="0.036" classname="com.test.InvocationCountTest"/>
  <testcase name="Sum" time="0.023" classname="com.test.InvocationCountTest"/>
  <testcase name="Sum" time="0.005" classname="com.test.InvocationCountTest"/>
  <testcase name="Sum" time="0.012" classname="com.test.InvocationCountTest"/>
</testsuite> <!-- com.test.InvocationCountTest -->
