<?xml version="1.0" encoding="UTF-8"?>
<!-- Generated by org.testng.reporters.JUnitReportReporter -->
<testsuite skipped="0" hostname="Dell-PC" name="com.test.AssertionTest" tests="3" failures="0" timestamp="25 Apr 2019 20:38:24 GMT" time="60.199" errors="0">
  <testcase name="googleLogoTest" time="18.231" classname="com.test.AssertionTest"/>
  <testcase name="mailTest" time="25.405" classname="com.test.AssertionTest"/>
  <testcase name="googleTitleTest" time="16.563" classname="com.test.AssertionTest"/>
</testsuite> <!-- com.test.AssertionTest -->
