<?xml version="1.0" encoding="UTF-8"?>
<!-- Generated by org.testng.reporters.JUnitReportReporter -->
<testsuite skipped="0" hostname="Dell-PC" name="com.test.TestNGFeatures" tests="4" failures="0" timestamp="25 Apr 2019 20:32:23 GMT" time="0.132" errors="0">
  <testcase name="SearchPageTest" time="0.008" classname="com.test.TestNGFeatures"/>
  <testcase name="HomePageTest" time="0.010" classname="com.test.TestNGFeatures"/>
  <testcase name="LogInTest" time="0.011" classname="com.test.TestNGFeatures"/>
  <testcase name="RegPageTest" time="0.103" classname="com.test.TestNGFeatures"/>
</testsuite> <!-- com.test.TestNGFeatures -->
