<?xml version="1.0" encoding="UTF-8"?>
<!-- Generated by org.testng.reporters.JUnitReportReporter -->
<testsuite skipped="0" hostname="Dell-PC" name="com.datadriventest.DataProvider123" tests="3" failures="0" timestamp="28 Apr 2019 09:25:59 GMT" time="219.910" errors="0">
  <testcase name="EbayRegPage" time="26.502" classname="com.datadriventest.DataProvider123"/>
  <testcase name="EbayRegPage" time="150.732" classname="com.datadriventest.DataProvider123"/>
  <testcase name="EbayRegPage" time="42.676" classname="com.datadriventest.DataProvider123"/>
</testsuite> <!-- com.datadriventest.DataProvider123 -->
